[12:42:44] [main/WARN]: Ambiguity between arguments [teleport, location] and [teleport, destination] with inputs: [0.1 -0.5 .9, 0 0 0]
[12:42:44] [main/WARN]: Ambiguity between arguments [teleport, location] and [teleport, targets] with inputs: [0.1 -0.5 .9, 0 0 0]
[12:42:44] [main/WARN]: Ambiguity between arguments [teleport, targets] and [teleport, destination] with inputs: [Player, 0123, dd12be42-52a9-4a91-a8a1-11c01849e498]
[12:42:44] [main/WARN]: Ambiguity between arguments [teleport, targets, location] and [teleport, targets, destination] with inputs: [0.1 -0.5 .9, 0 0 0]
[12:42:49] [Server thread/INFO]: Starting minecraft server version 1.14.4
[12:42:49] [Server thread/INFO]: Loading properties
[12:42:49] [Server thread/INFO]: Default game type: SURVIVAL
[12:42:49] [Server thread/INFO]: Generating keypair
[12:42:50] [Server thread/INFO]: Starting Minecraft server on 25.14.210.244:25565
[12:42:50] [Server thread/INFO]: Using default channel type
[12:42:56] [Server thread/WARN]: **** SERVER IS RUNNING IN OFFLINE/INSECURE MODE!
[12:42:56] [Server thread/WARN]: The server will make no attempt to authenticate usernames. Beware.
[12:42:56] [Server thread/WARN]: While this makes the game possible to play without internet access, it also opens up the ability for hackers to connect with any username they choose.
[12:42:56] [Server thread/WARN]: To change this, set "online-mode" to "true" in the server.properties file.
[12:42:56] [Server thread/INFO]: Preparing level "world"
[12:42:56] [Server thread/INFO]: Reloading ResourceManager: Default
[12:43:15] [Server thread/INFO]: Loaded 6 recipes
[12:43:15] [Server thread/INFO]: Loaded 811 advancements
[12:43:16] [Server thread/INFO]: Preparing start region for dimension minecraft:overworld
[12:43:19] [Server thread/INFO]: Preparing spawn area: 0%
[12:43:19] [Server thread/INFO]: Preparing spawn area: 0%
[12:43:19] [Server thread/INFO]: Preparing spawn area: 0%
[12:43:19] [Server thread/INFO]: Preparing spawn area: 0%
[12:43:19] [Server thread/INFO]: Preparing spawn area: 0%
[12:43:19] [Server thread/INFO]: Preparing spawn area: 0%
[12:43:19] [Server thread/INFO]: Preparing spawn area: 0%
[12:43:26] [Server thread/INFO]: Time elapsed: 9329 ms
[12:43:26] [Server thread/INFO]: Done (30.020s)! For help, type "help"
[12:44:39] [Server thread/INFO]: KhanhMomo[/25.14.210.244:51717] logged in with entity id 104 at (-41.21112183075031, 67.0, -151.41380601317135)
[12:44:39] [Server thread/INFO]: KhanhMomo joined the game
[12:44:45] [Server thread/WARN]: Can't keep up! Is the server overloaded? Running 2033ms or 40 ticks behind
[12:45:04] [Server thread/WARN]: Can't keep up! Is the server overloaded? Running 4310ms or 86 ticks behind
[12:48:34] [Server thread/WARN]: Can't keep up! Is the server overloaded? Running 2428ms or 48 ticks behind
[12:54:55] [Server thread/WARN]: Fetching packet for removed entity atx['Air'/1956, l='world', x=-79.80, y=61.00, z=-160.80]
[12:56:45] [Server thread/WARN]: Fetching packet for removed entity atx['Air'/2208, l='world', x=-79.80, y=61.00, z=-160.20]
[13:02:39] [Server thread/INFO]: [KhanhMomo: Set the time to 1000]
[13:09:05] [Server thread/INFO]: KhanhMomo has made the advancement [Hot Stuff]
[13:34:38] [Server thread/INFO]: [KhanhMomo: Set own game mode to Survival Mode]
[13:35:04] [Server thread/INFO]: [KhanhMomo: Set own game mode to Creative Mode]
[13:38:45] [Server thread/INFO]: KhanhMomo lost connection: Disconnected
[13:38:45] [Server thread/INFO]: KhanhMomo left the game
[16:22:27] [Server thread/INFO]: Stopping server
[16:22:27] [Server thread/INFO]: Saving players
[16:22:27] [Server thread/INFO]: Saving worlds
[16:22:27] [Server thread/INFO]: Saving chunks for level 'world'/minecraft:the_end
[16:22:27] [Server thread/INFO]: ThreadedAnvilChunkStorage (DIM1): All chunks are saved
[16:22:27] [Server thread/INFO]: Saving chunks for level 'world'/minecraft:the_nether
[16:22:27] [Server thread/INFO]: ThreadedAnvilChunkStorage (DIM-1): All chunks are saved
[16:22:27] [Server thread/INFO]: Saving chunks for level 'world'/minecraft:overworld
[16:22:27] [Server thread/INFO]: ThreadedAnvilChunkStorage (world): All chunks are saved
[16:22:27] [Server thread/INFO]: ThreadedAnvilChunkStorage (DIM1): All chunks are saved
[16:22:27] [Server thread/INFO]: ThreadedAnvilChunkStorage (DIM-1): All chunks are saved
[16:22:27] [Server thread/INFO]: ThreadedAnvilChunkStorage (world): All chunks are saved
